{"/Users/sejoongkim/Desktop/private-project/Team_Projects/moa-tickets-front/src/entities/reducers/BookSeatReducer.ts": {"path":"/Users/sejoongkim/Desktop/private-project/Team_Projects/moa-tickets-front/src/entities/reducers/BookSeatReducer.ts","statementMap":{"0":{"start":{"line":51,"column":0},"end":{"line":51,"column":24}},"1":{"start":{"line":3,"column":13},"end":{"line":3,"column":47}},"2":{"start":{"line":4,"column":13},"end":{"line":4,"column":32}},"3":{"start":{"line":5,"column":13},"end":{"line":5,"column":38}},"4":{"start":{"line":6,"column":13},"end":{"line":6,"column":41}},"5":{"start":{"line":7,"column":13},"end":{"line":7,"column":45}},"6":{"start":{"line":8,"column":13},"end":{"line":8,"column":49}},"7":{"start":{"line":10,"column":27},"end":{"line":10,"column":60}},"8":{"start":{"line":10,"column":34},"end":{"line":10,"column":59}},"9":{"start":{"line":10,"column":13},"end":{"line":10,"column":27}},"10":{"start":{"line":11,"column":20},"end":{"line":11,"column":42}},"11":{"start":{"line":11,"column":27},"end":{"line":11,"column":41}},"12":{"start":{"line":11,"column":13},"end":{"line":11,"column":20}},"13":{"start":{"line":12,"column":23},"end":{"line":14,"column":2}},"14":{"start":{"line":12,"column":30},"end":{"line":14,"column":2}},"15":{"start":{"line":12,"column":13},"end":{"line":12,"column":23}},"16":{"start":{"line":15,"column":26},"end":{"line":18,"column":2}},"17":{"start":{"line":15,"column":49},"end":{"line":18,"column":2}},"18":{"start":{"line":15,"column":13},"end":{"line":15,"column":26}},"19":{"start":{"line":19,"column":28},"end":{"line":22,"column":2}},"20":{"start":{"line":19,"column":51},"end":{"line":22,"column":2}},"21":{"start":{"line":19,"column":13},"end":{"line":19,"column":28}},"22":{"start":{"line":23,"column":34},"end":{"line":23,"column":72}},"23":{"start":{"line":23,"column":41},"end":{"line":23,"column":71}},"24":{"start":{"line":23,"column":13},"end":{"line":23,"column":34}},"25":{"start":{"line":41,"column":38},"end":{"line":49,"column":2}},"26":{"start":{"line":55,"column":2},"end":{"line":99,"column":3}},"27":{"start":{"line":57,"column":6},"end":{"line":59,"column":null}},"28":{"start":{"line":62,"column":6},"end":{"line":68,"column":null}},"29":{"start":{"line":71,"column":6},"end":{"line":77,"column":null}},"30":{"start":{"line":76,"column":19},"end":{"line":76,"column":46}},"31":{"start":{"line":81,"column":6},"end":{"line":83,"column":null}},"32":{"start":{"line":86,"column":6},"end":{"line":90,"column":null}},"33":{"start":{"line":89,"column":18},"end":{"line":89,"column":48}},"34":{"start":{"line":93,"column":6},"end":{"line":95,"column":null}},"35":{"start":{"line":98,"column":6},"end":{"line":98,"column":19}}},"fnMap":{"0":{"name":"(anonymous_0)","decl":{"start":{"line":10,"column":27},"end":{"line":10,"column":30}},"loc":{"start":{"line":10,"column":34},"end":{"line":10,"column":59}}},"1":{"name":"(anonymous_1)","decl":{"start":{"line":11,"column":20},"end":{"line":11,"column":23}},"loc":{"start":{"line":11,"column":27},"end":{"line":11,"column":41}}},"2":{"name":"(anonymous_2)","decl":{"start":{"line":12,"column":23},"end":{"line":12,"column":26}},"loc":{"start":{"line":12,"column":30},"end":{"line":14,"column":2}}},"3":{"name":"(anonymous_3)","decl":{"start":{"line":15,"column":26},"end":{"line":15,"column":27}},"loc":{"start":{"line":15,"column":49},"end":{"line":18,"column":2}}},"4":{"name":"(anonymous_4)","decl":{"start":{"line":19,"column":28},"end":{"line":19,"column":29}},"loc":{"start":{"line":19,"column":51},"end":{"line":22,"column":2}}},"5":{"name":"(anonymous_5)","decl":{"start":{"line":23,"column":34},"end":{"line":23,"column":37}},"loc":{"start":{"line":23,"column":41},"end":{"line":23,"column":71}}},"6":{"name":"bookSeatReducer","decl":{"start":{"line":51,"column":24},"end":{"line":51,"column":39}},"loc":{"start":{"line":53,"column":16},"end":{"line":100,"column":1}}},"7":{"name":"(anonymous_7)","decl":{"start":{"line":76,"column":12},"end":{"line":76,"column":13}},"loc":{"start":{"line":76,"column":19},"end":{"line":76,"column":46}}},"8":{"name":"(anonymous_8)","decl":{"start":{"line":89,"column":10},"end":{"line":89,"column":11}},"loc":{"start":{"line":89,"column":18},"end":{"line":89,"column":48}}}},"branchMap":{"0":{"loc":{"start":{"line":52,"column":2},"end":{"line":52,"column":39}},"type":"default-arg","locations":[{"start":{"line":52,"column":24},"end":{"line":52,"column":39}}]},"1":{"loc":{"start":{"line":55,"column":2},"end":{"line":99,"column":3}},"type":"switch","locations":[{"start":{"line":56,"column":4},"end":{"line":59,"column":null}},{"start":{"line":61,"column":4},"end":{"line":68,"column":null}},{"start":{"line":70,"column":4},"end":{"line":77,"column":null}},{"start":{"line":80,"column":4},"end":{"line":83,"column":null}},{"start":{"line":85,"column":4},"end":{"line":90,"column":null}},{"start":{"line":92,"column":4},"end":{"line":95,"column":null}},{"start":{"line":97,"column":4},"end":{"line":98,"column":19}}]}},"s":{"0":1,"1":1,"2":1,"3":1,"4":1,"5":1,"6":1,"7":1,"8":0,"9":1,"10":1,"11":0,"12":1,"13":1,"14":0,"15":1,"16":1,"17":0,"18":1,"19":1,"20":0,"21":1,"22":1,"23":0,"24":1,"25":1,"26":0,"27":0,"28":0,"29":0,"30":0,"31":0,"32":0,"33":0,"34":0,"35":0},"f":{"0":0,"1":0,"2":0,"3":0,"4":0,"5":0,"6":0,"7":0,"8":0},"b":{"0":[0],"1":[0,0,0,0,0,0,0]}}
,"/Users/sejoongkim/Desktop/private-project/Team_Projects/moa-tickets-front/src/entities/reducers/ConcertDetailReducer.ts": {"path":"/Users/sejoongkim/Desktop/private-project/Team_Projects/moa-tickets-front/src/entities/reducers/ConcertDetailReducer.ts","statementMap":{"0":{"start":{"line":45,"column":0},"end":{"line":45,"column":24}},"1":{"start":{"line":3,"column":13},"end":{"line":3,"column":55}},"2":{"start":{"line":5,"column":32},"end":{"line":5,"column":68}},"3":{"start":{"line":5,"column":39},"end":{"line":5,"column":67}},"4":{"start":{"line":5,"column":13},"end":{"line":5,"column":32}},"5":{"start":{"line":30,"column":29},"end":{"line":43,"column":2}},"6":{"start":{"line":49,"column":2},"end":{"line":57,"column":3}},"7":{"start":{"line":51,"column":6},"end":{"line":53,"column":null}},"8":{"start":{"line":56,"column":6},"end":{"line":56,"column":19}}},"fnMap":{"0":{"name":"(anonymous_0)","decl":{"start":{"line":5,"column":32},"end":{"line":5,"column":35}},"loc":{"start":{"line":5,"column":39},"end":{"line":5,"column":67}}},"1":{"name":"concertDetailReducer","decl":{"start":{"line":45,"column":24},"end":{"line":45,"column":44}},"loc":{"start":{"line":47,"column":16},"end":{"line":58,"column":1}}}},"branchMap":{"0":{"loc":{"start":{"line":46,"column":2},"end":{"line":46,"column":49}},"type":"default-arg","locations":[{"start":{"line":46,"column":29},"end":{"line":46,"column":49}}]},"1":{"loc":{"start":{"line":49,"column":2},"end":{"line":57,"column":3}},"type":"switch","locations":[{"start":{"line":50,"column":4},"end":{"line":53,"column":null}},{"start":{"line":55,"column":4},"end":{"line":56,"column":19}}]}},"s":{"0":1,"1":1,"2":1,"3":0,"4":1,"5":1,"6":8,"7":2,"8":6},"f":{"0":0,"1":8},"b":{"0":[6],"1":[2,6]}}
,"/Users/sejoongkim/Desktop/private-project/Team_Projects/moa-tickets-front/src/features/booking/useBooking.ts": {"path":"/Users/sejoongkim/Desktop/private-project/Team_Projects/moa-tickets-front/src/features/booking/useBooking.ts","statementMap":{"0":{"start":{"line":1,"column":0},"end":{"line":1,"column":null}},"1":{"start":{"line":7,"column":0},"end":{"line":7,"column":52}},"2":{"start":{"line":8,"column":0},"end":{"line":8,"column":26}},"3":{"start":{"line":9,"column":0},"end":{"line":9,"column":42}},"4":{"start":{"line":11,"column":26},"end":{"line":101,"column":1}},"5":{"start":{"line":12,"column":19},"end":{"line":12,"column":32}},"6":{"start":{"line":15,"column":22},"end":{"line":23,"column":4}},"7":{"start":{"line":16,"column":63},"end":{"line":19,"column":null}},"8":{"start":{"line":17,"column":23},"end":{"line":17,"column":76}},"9":{"start":{"line":18,"column":6},"end":{"line":18,"column":27}},"10":{"start":{"line":21,"column":6},"end":{"line":21,"column":61}},"11":{"start":{"line":26,"column":19},"end":{"line":58,"column":4}},"12":{"start":{"line":40,"column":9},"end":{"line":46,"column":null}},"13":{"start":{"line":41,"column":23},"end":{"line":44,"column":8}},"14":{"start":{"line":45,"column":6},"end":{"line":45,"column":27}},"15":{"start":{"line":48,"column":6},"end":{"line":55,"column":9}},"16":{"start":{"line":56,"column":6},"end":{"line":56,"column":61}},"17":{"start":{"line":61,"column":22},"end":{"line":91,"column":4}},"18":{"start":{"line":79,"column":9},"end":{"line":86,"column":null}},"19":{"start":{"line":81,"column":6},"end":{"line":81,"column":58}},"20":{"start":{"line":83,"column":6},"end":{"line":85,"column":7}},"21":{"start":{"line":84,"column":8},"end":{"line":84,"column":70}},"22":{"start":{"line":88,"column":6},"end":{"line":88,"column":75}},"23":{"start":{"line":89,"column":6},"end":{"line":89,"column":61}},"24":{"start":{"line":93,"column":2},"end":{"line":100,"column":4}},"25":{"start":{"line":11,"column":13},"end":{"line":11,"column":26}}},"fnMap":{"0":{"name":"(anonymous_7)","decl":{"start":{"line":11,"column":26},"end":{"line":11,"column":29}},"loc":{"start":{"line":11,"column":31},"end":{"line":101,"column":1}}},"1":{"name":"(anonymous_8)","decl":{"start":{"line":16,"column":16},"end":{"line":16,"column":23}},"loc":{"start":{"line":16,"column":63},"end":{"line":19,"column":null}}},"2":{"name":"(anonymous_9)","decl":{"start":{"line":16,"column":63},"end":{"line":16,"column":null}},"loc":{"start":{"line":16,"column":59},"end":{"line":19,"column":5}}},"3":{"name":"(anonymous_10)","decl":{"start":{"line":20,"column":15},"end":{"line":20,"column":16}},"loc":{"start":{"line":20,"column":36},"end":{"line":22,"column":5}}},"4":{"name":"(anonymous_11)","decl":{"start":{"line":34,"column":16},"end":{"line":34,"column":23}},"loc":{"start":{"line":40,"column":9},"end":{"line":46,"column":null}}},"5":{"name":"(anonymous_12)","decl":{"start":{"line":40,"column":9},"end":{"line":40,"column":null}},"loc":{"start":{"line":40,"column":5},"end":{"line":46,"column":5}}},"6":{"name":"(anonymous_13)","decl":{"start":{"line":47,"column":15},"end":{"line":47,"column":16}},"loc":{"start":{"line":47,"column":77},"end":{"line":57,"column":5}}},"7":{"name":"(anonymous_14)","decl":{"start":{"line":71,"column":16},"end":{"line":71,"column":23}},"loc":{"start":{"line":79,"column":9},"end":{"line":86,"column":null}}},"8":{"name":"(anonymous_15)","decl":{"start":{"line":79,"column":9},"end":{"line":79,"column":null}},"loc":{"start":{"line":79,"column":5},"end":{"line":86,"column":5}}},"9":{"name":"(anonymous_16)","decl":{"start":{"line":87,"column":15},"end":{"line":87,"column":16}},"loc":{"start":{"line":87,"column":32},"end":{"line":90,"column":5}}}},"branchMap":{"0":{"loc":{"start":{"line":83,"column":6},"end":{"line":85,"column":7}},"type":"if","locations":[{"start":{"line":83,"column":6},"end":{"line":85,"column":7}},{"start":{},"end":{}}]}},"s":{"0":1,"1":1,"2":1,"3":1,"4":1,"5":2,"6":2,"7":1,"8":1,"9":1,"10":1,"11":2,"12":1,"13":1,"14":1,"15":1,"16":1,"17":2,"18":0,"19":0,"20":0,"21":0,"22":0,"23":0,"24":2,"25":1},"f":{"0":2,"1":1,"2":1,"3":1,"4":1,"5":1,"6":1,"7":0,"8":0,"9":0},"b":{"0":[0,0]}}
,"/Users/sejoongkim/Desktop/private-project/Team_Projects/moa-tickets-front/src/features/product/useProduct.ts": {"path":"/Users/sejoongkim/Desktop/private-project/Team_Projects/moa-tickets-front/src/features/product/useProduct.ts","statementMap":{"0":{"start":{"line":1,"column":0},"end":{"line":1,"column":null}},"1":{"start":{"line":5,"column":0},"end":{"line":5,"column":52}},"2":{"start":{"line":6,"column":0},"end":{"line":6,"column":26}},"3":{"start":{"line":7,"column":0},"end":{"line":7,"column":42}},"4":{"start":{"line":9,"column":26},"end":{"line":26,"column":1}},"5":{"start":{"line":10,"column":19},"end":{"line":10,"column":32}},"6":{"start":{"line":12,"column":27},"end":{"line":20,"column":4}},"7":{"start":{"line":13,"column":49},"end":{"line":16,"column":null}},"8":{"start":{"line":14,"column":18},"end":{"line":14,"column":62}},"9":{"start":{"line":15,"column":6},"end":{"line":15,"column":22}},"10":{"start":{"line":18,"column":6},"end":{"line":18,"column":64}},"11":{"start":{"line":22,"column":2},"end":{"line":25,"column":4}},"12":{"start":{"line":9,"column":13},"end":{"line":9,"column":26}}},"fnMap":{"0":{"name":"(anonymous_7)","decl":{"start":{"line":9,"column":26},"end":{"line":9,"column":29}},"loc":{"start":{"line":9,"column":31},"end":{"line":26,"column":1}}},"1":{"name":"(anonymous_8)","decl":{"start":{"line":13,"column":16},"end":{"line":13,"column":23}},"loc":{"start":{"line":13,"column":49},"end":{"line":16,"column":null}}},"2":{"name":"(anonymous_9)","decl":{"start":{"line":13,"column":49},"end":{"line":13,"column":null}},"loc":{"start":{"line":13,"column":45},"end":{"line":16,"column":5}}},"3":{"name":"(anonymous_10)","decl":{"start":{"line":17,"column":15},"end":{"line":17,"column":16}},"loc":{"start":{"line":17,"column":39},"end":{"line":19,"column":5}}}},"branchMap":{},"s":{"0":1,"1":1,"2":1,"3":1,"4":1,"5":2,"6":2,"7":1,"8":1,"9":1,"10":1,"11":2,"12":1},"f":{"0":2,"1":1,"2":1,"3":1},"b":{}}
}
