TN:
SF:src/entities/reducers/BookSeatReducer.ts
FN:10,(anonymous_0)
FN:11,(anonymous_1)
FN:12,(anonymous_2)
FN:15,(anonymous_3)
FN:19,(anonymous_4)
FN:23,(anonymous_5)
FN:51,bookSeatReducer
FN:76,(anonymous_7)
FN:89,(anonymous_8)
FNF:9
FNH:0
FNDA:0,(anonymous_0)
FNDA:0,(anonymous_1)
FNDA:0,(anonymous_2)
FNDA:0,(anonymous_3)
FNDA:0,(anonymous_4)
FNDA:0,(anonymous_5)
FNDA:0,bookSeatReducer
FNDA:0,(anonymous_7)
FNDA:0,(anonymous_8)
DA:3,1
DA:4,1
DA:5,1
DA:6,1
DA:7,1
DA:8,1
DA:10,1
DA:11,1
DA:12,1
DA:15,1
DA:19,1
DA:23,1
DA:41,1
DA:51,1
DA:55,0
DA:57,0
DA:62,0
DA:71,0
DA:76,0
DA:81,0
DA:86,0
DA:89,0
DA:93,0
DA:98,0
LF:24
LH:14
BRDA:52,0,0,0
BRDA:55,1,0,0
BRDA:55,1,1,0
BRDA:55,1,2,0
BRDA:55,1,3,0
BRDA:55,1,4,0
BRDA:55,1,5,0
BRDA:55,1,6,0
BRF:8
BRH:0
end_of_record
TN:
SF:src/entities/reducers/ConcertDetailReducer.ts
FN:5,(anonymous_0)
FN:45,concertDetailReducer
FNF:2
FNH:1
FNDA:0,(anonymous_0)
FNDA:8,concertDetailReducer
DA:3,1
DA:5,1
DA:30,1
DA:45,1
DA:49,8
DA:51,2
DA:56,6
LF:7
LH:7
BRDA:46,0,0,6
BRDA:49,1,0,2
BRDA:49,1,1,6
BRF:3
BRH:3
end_of_record
TN:
SF:src/features/booking/useBooking.ts
FN:11,(anonymous_7)
FN:16,(anonymous_8)
FN:16,(anonymous_9)
FN:20,(anonymous_10)
FN:34,(anonymous_11)
FN:40,(anonymous_12)
FN:47,(anonymous_13)
FN:71,(anonymous_14)
FN:79,(anonymous_15)
FN:87,(anonymous_16)
FNF:10
FNH:7
FNDA:2,(anonymous_7)
FNDA:1,(anonymous_8)
FNDA:1,(anonymous_9)
FNDA:1,(anonymous_10)
FNDA:1,(anonymous_11)
FNDA:1,(anonymous_12)
FNDA:1,(anonymous_13)
FNDA:0,(anonymous_14)
FNDA:0,(anonymous_15)
FNDA:0,(anonymous_16)
DA:1,1
DA:7,1
DA:8,1
DA:9,1
DA:11,1
DA:12,2
DA:15,2
DA:16,1
DA:17,1
DA:18,1
DA:21,1
DA:26,2
DA:40,1
DA:41,1
DA:45,1
DA:48,1
DA:56,1
DA:61,2
DA:79,0
DA:81,0
DA:83,0
DA:84,0
DA:88,0
DA:89,0
DA:93,2
LF:25
LH:19
BRDA:83,0,0,0
BRDA:83,0,1,0
BRF:2
BRH:0
end_of_record
TN:
SF:src/features/product/useProduct.ts
FN:9,(anonymous_7)
FN:13,(anonymous_8)
FN:13,(anonymous_9)
FN:17,(anonymous_10)
FNF:4
FNH:4
FNDA:2,(anonymous_7)
FNDA:1,(anonymous_8)
FNDA:1,(anonymous_9)
FNDA:1,(anonymous_10)
DA:1,1
DA:5,1
DA:6,1
DA:7,1
DA:9,1
DA:10,2
DA:12,2
DA:13,1
DA:14,1
DA:15,1
DA:18,1
DA:22,2
LF:12
LH:12
BRF:0
BRH:0
end_of_record
